[2023-12-05 00:14:29] merlin-logger.DEBUG: The welcome step has been displayed [] []
[2023-12-05 00:14:36] merlin-logger.DEBUG: The child theme installation step has been displayed [] []
[2023-12-05 00:14:42] merlin-logger.DEBUG: The child theme style.css content was generated [] []
[2023-12-05 00:14:42] merlin-logger.DEBUG: The child theme functions.php content was generated [] []
[2023-12-05 00:14:42] merlin-logger.DEBUG: The child theme screenshot was copied to the child theme, with the following result {"copied":true} []
[2023-12-05 00:14:42] merlin-logger.DEBUG: The newly generated child theme was activated [] []
[2023-12-05 00:14:50] merlin-logger.DEBUG: The plugin installation step has been displayed [] []
[2023-12-05 00:19:47] merlin-logger.DEBUG: A plugin with the following data will be processed {"plugin_slug":"cmb2","message":"Installing"} []
[2023-12-05 00:20:10] merlin-logger.DEBUG: A plugin with the following data will be processed {"plugin_slug":"cmb2","message":"Activating"} []
[2023-12-05 00:20:17] merlin-logger.DEBUG: A plugin with the following data was processed {"plugin_slug":"cmb2"} []
[2023-12-05 00:20:19] merlin-logger.DEBUG: A plugin with the following data will be processed {"plugin_slug":"contact-form-7","message":"Installing"} []
[2023-12-05 00:20:35] merlin-logger.DEBUG: A plugin with the following data will be processed {"plugin_slug":"contact-form-7","message":"Activating"} []
[2023-12-05 00:20:44] merlin-logger.DEBUG: A plugin with the following data was processed {"plugin_slug":"contact-form-7"} []
[2023-12-05 00:20:47] merlin-logger.DEBUG: A plugin with the following data will be processed {"plugin_slug":"mailchimp-for-wp","message":"Installing"} []
[2023-12-05 00:21:03] merlin-logger.DEBUG: A plugin with the following data will be processed {"plugin_slug":"mailchimp-for-wp","message":"Activating"} []
[2023-12-05 00:21:13] merlin-logger.DEBUG: A plugin with the following data was processed {"plugin_slug":"mailchimp-for-wp"} []
[2023-12-05 00:21:16] merlin-logger.DEBUG: A plugin with the following data will be processed {"plugin_slug":"redux-framework","message":"Installing"} []
[2023-12-05 00:21:45] merlin-logger.DEBUG: A plugin with the following data will be processed {"plugin_slug":"redux-framework","message":"Activating"} []
[2023-12-05 00:21:53] merlin-logger.DEBUG: A plugin with the following data was processed {"plugin_slug":"redux-framework"} []
[2023-12-05 00:21:56] merlin-logger.DEBUG: A plugin with the following data will be processed {"plugin_slug":"tbay-elementor","message":"Installing"} []
[2023-12-05 00:22:12] merlin-logger.DEBUG: A plugin with the following data will be processed {"plugin_slug":"tbay-elementor","message":"Activating"} []
[2023-12-05 00:22:23] merlin-logger.DEBUG: A plugin with the following data was processed {"plugin_slug":"tbay-elementor"} []
[2023-12-05 00:22:26] merlin-logger.DEBUG: A plugin with the following data will be processed {"plugin_slug":"revslider","message":"Installing"} []
[2023-12-05 00:23:10] merlin-logger.DEBUG: A plugin with the following data will be processed {"plugin_slug":"revslider","message":"Activating"} []
[2023-12-05 00:23:28] merlin-logger.DEBUG: A plugin with the following data was processed {"plugin_slug":"revslider"} []
[2023-12-05 00:23:34] merlin-logger.DEBUG: A plugin with the following data was processed {"plugin_slug":"revslider"} []
[2023-12-05 00:23:36] merlin-logger.DEBUG: A plugin with the following data will be processed {"plugin_slug":"woocommerce-products-filter","message":"Installing"} []
[2023-12-05 00:24:10] merlin-logger.DEBUG: A plugin with the following data will be processed {"plugin_slug":"woocommerce-products-filter","message":"Activating"} []
[2023-12-05 00:24:23] merlin-logger.DEBUG: A plugin with the following data was processed {"plugin_slug":"woocommerce-products-filter"} []
[2023-12-05 00:24:26] merlin-logger.DEBUG: A plugin with the following data will be processed {"plugin_slug":"woo-variation-swatches","message":"Installing"} []
[2023-12-05 00:24:52] merlin-logger.DEBUG: A plugin with the following data will be processed {"plugin_slug":"woo-variation-swatches","message":"Activating"} []
[2023-12-05 00:25:01] merlin-logger.DEBUG: A plugin with the following data was processed {"plugin_slug":"woo-variation-swatches"} []
[2023-12-05 00:25:03] merlin-logger.DEBUG: A plugin with the following data will be processed {"plugin_slug":"yith-woocommerce-wishlist","message":"Installing"} []
[2023-12-05 00:25:29] merlin-logger.DEBUG: A plugin with the following data will be processed {"plugin_slug":"yith-woocommerce-wishlist","message":"Activating"} []
[2023-12-05 00:25:39] merlin-logger.DEBUG: A plugin with the following data was processed {"plugin_slug":"yith-woocommerce-wishlist"} []
[2023-12-05 00:25:47] merlin-logger.DEBUG: The content import step has been displayed [] []
[2023-12-05 00:29:13] merlin-logger.DEBUG: The final step has been displayed [] []
